{"name": "Test Registration with Valid Data", "status": "broken", "statusDetails": {"message": "selenium.common.exceptions.TimeoutException: Message: \nStacktrace:\n\tGetHandleVerifier [0x0x1093b03+62899]\n\tGetHandleVerifier [0x0x1093b44+62964]\n\t(No symbol) [0x0xec10f3]\n\t(No symbol) [0x0xf0980e]\n\t(No symbol) [0x0xf09bab]\n\t(No symbol) [0x0xf525c2]\n\t(No symbol) [0x0xf2e554]\n\t(No symbol) [0x0xf4fd81]\n\t(No symbol) [0x0xf2e306]\n\t(No symbol) [0x0xefd670]\n\t(No symbol) [0x0xefe4e4]\n\tGetHandleVerifier [0x0x12f4793+2556483]\n\tGetHandleVerifier [0x0x12efd02+2537394]\n\tGetHandleVerifier [0x0x10ba2fa+220586]\n\tGetHandleVerifier [0x0x10aaae8+157080]\n\tGetHandleVerifier [0x0x10b141d+184013]\n\tGetHandleVerifier [0x0x109ba68+95512]\n\tGetHandleVerifier [0x0x109bc10+95936]\n\tGetHandleVerifier [0x0x1086b5a+9738]\n\tBaseThreadInitThunk [0x0x75a17ba9+25]\n\tRtlInitializeExceptionChain [0x0x77d0c0cb+107]\n\tRtlClearBits [0x0x77d0c04f+191]", "trace": "self = <paraBank_test.TestParaBank object at 0x000001AB7783C910>\n\n    @allure.title(\"Test Registration with Valid Data\")\n    @allure.description(\"This test case registers a new user with valid data and verifies the welcome message.\")\n    def test_register_user(self):\n>       self.pb.click_register()\n\ntestcases\\paraBank_test.py:24: \n_ _ _ _ _ _ _ _ _ _ _ _ _ _ _ _ _ _ _ _ _ _ _ _ _ _ _ _ _ _ _ _ _ _ _ _ _ _ _ _ _ _ _ _ _ _ _ _ _ _ _ _ _ _ _ _ _ _ _ _ _ _ _ _ _ _ _ _ _ _ _ _ _ _ _ _ _ _ _ _ _ _ _ _ _ _ _ _ _ \npages\\paraBank_page.py:63: in click_register\n    self.wait_for_element(self.Locators.REGISTER_BUTTON)\nbase\\BaseDriver.py:52: in wait_for_element\n    WebDriverWait(self.driver, timeout).until(\n_ _ _ _ _ _ _ _ _ _ _ _ _ _ _ _ _ _ _ _ _ _ _ _ _ _ _ _ _ _ _ _ _ _ _ _ _ _ _ _ _ _ _ _ _ _ _ _ _ _ _ _ _ _ _ _ _ _ _ _ _ _ _ _ _ _ _ _ _ _ _ _ _ _ _ _ _ _ _ _ _ _ _ _ _ _ _ _ _ \n\nself = <selenium.webdriver.support.wait.WebDriverWait (session=\"850996897b07fdf4c289444a09514758\")>\nmethod = <function visibility_of_element_located.<locals>._predicate at 0x000001AB77849C60>, message = ''\n\n    def until(self, method: Callable[[D], Union[Literal[False], T]], message: str = \"\") -> T:\n        \"\"\"Wait until the method returns a value that is not False.\n    \n        Calls the method provided with the driver as an argument until the\n        return value does not evaluate to ``False``.\n    \n        Parameters:\n        -----------\n        method: callable(WebDriver)\n            - A callable object that takes a WebDriver instance as an argument.\n    \n        message: str\n            - Optional message for :exc:`TimeoutException`\n    \n        Return:\n        -------\n        object: T\n            - The result of the last call to `method`\n    \n        Raises:\n        -------\n        TimeoutException\n            - If 'method' does not return a truthy value within the WebDriverWait\n            object's timeout\n    \n        Example:\n        --------\n        >>> from selenium.webdriver.common.by import By\n        >>> from selenium.webdriver.support.ui import WebDriverWait\n        >>> from selenium.webdriver.support import expected_conditions as EC\n    \n        # Wait until an element is visible on the page\n        >>> wait = WebDriverWait(driver, 10)\n        >>> element = wait.until(EC.visibility_of_element_located((By.ID, \"exampleId\")))\n        >>> print(element.text)\n        \"\"\"\n        screen = None\n        stacktrace = None\n    \n        end_time = time.monotonic() + self._timeout\n        while True:\n            try:\n                value = method(self._driver)\n                if value:\n                    return value\n            except self._ignored_exceptions as exc:\n                screen = getattr(exc, \"screen\", None)\n                stacktrace = getattr(exc, \"stacktrace\", None)\n            if time.monotonic() > end_time:\n                break\n            time.sleep(self._poll)\n>       raise TimeoutException(message, screen, stacktrace)\nE       selenium.common.exceptions.TimeoutException: Message: \nE       Stacktrace:\nE       \tGetHandleVerifier [0x0x1093b03+62899]\nE       \tGetHandleVerifier [0x0x1093b44+62964]\nE       \t(No symbol) [0x0xec10f3]\nE       \t(No symbol) [0x0xf0980e]\nE       \t(No symbol) [0x0xf09bab]\nE       \t(No symbol) [0x0xf525c2]\nE       \t(No symbol) [0x0xf2e554]\nE       \t(No symbol) [0x0xf4fd81]\nE       \t(No symbol) [0x0xf2e306]\nE       \t(No symbol) [0x0xefd670]\nE       \t(No symbol) [0x0xefe4e4]\nE       \tGetHandleVerifier [0x0x12f4793+2556483]\nE       \tGetHandleVerifier [0x0x12efd02+2537394]\nE       \tGetHandleVerifier [0x0x10ba2fa+220586]\nE       \tGetHandleVerifier [0x0x10aaae8+157080]\nE       \tGetHandleVerifier [0x0x10b141d+184013]\nE       \tGetHandleVerifier [0x0x109ba68+95512]\nE       \tGetHandleVerifier [0x0x109bc10+95936]\nE       \tGetHandleVerifier [0x0x1086b5a+9738]\nE       \tBaseThreadInitThunk [0x0x75a17ba9+25]\nE       \tRtlInitializeExceptionChain [0x0x77d0c0cb+107]\nE       \tRtlClearBits [0x0x77d0c04f+191]\n\nvenv\\Lib\\site-packages\\selenium\\webdriver\\support\\wait.py:138: TimeoutException"}, "description": "This test case registers a new user with valid data and verifies the welcome message.", "steps": [{"name": "Clicking on Register link", "status": "broken", "statusDetails": {"message": "selenium.common.exceptions.TimeoutException: Message: \nStacktrace:\n\tGetHandleVerifier [0x0x1093b03+62899]\n\tGetHandleVerifier [0x0x1093b44+62964]\n\t(No symbol) [0x0xec10f3]\n\t(No symbol) [0x0xf0980e]\n\t(No symbol) [0x0xf09bab]\n\t(No symbol) [0x0xf525c2]\n\t(No symbol) [0x0xf2e554]\n\t(No symbol) [0x0xf4fd81]\n\t(No symbol) [0x0xf2e306]\n\t(No symbol) [0x0xefd670]\n\t(No symbol) [0x0xefe4e4]\n\tGetHandleVerifier [0x0x12f4793+2556483]\n\tGetHandleVerifier [0x0x12efd02+2537394]\n\tGetHandleVerifier [0x0x10ba2fa+220586]\n\tGetHandleVerifier [0x0x10aaae8+157080]\n\tGetHandleVerifier [0x0x10b141d+184013]\n\tGetHandleVerifier [0x0x109ba68+95512]\n\tGetHandleVerifier [0x0x109bc10+95936]\n\tGetHandleVerifier [0x0x1086b5a+9738]\n\tBaseThreadInitThunk [0x0x75a17ba9+25]\n\tRtlInitializeExceptionChain [0x0x77d0c0cb+107]\n\tRtlClearBits [0x0x77d0c04f+191]\n\n", "trace": "  File \"C:\\vsCode\\parabank_credentials\\venv\\Lib\\site-packages\\allure_commons\\_allure.py\", line 202, in impl\n    return func(*a, **kw)\n  File \"C:\\vsCode\\parabank_credentials\\pages\\paraBank_page.py\", line 63, in click_register\n    self.wait_for_element(self.Locators.REGISTER_BUTTON)\n    ~~~~~~~~~~~~~~~~~~~~~^^^^^^^^^^^^^^^^^^^^^^^^^^^^^^^\n  File \"C:\\vsCode\\parabank_credentials\\base\\BaseDriver.py\", line 52, in wait_for_element\n        WebDriverWait(self.driver, timeout).until(\n        ~~~~~~~~~~~~~~~~~~~~~~~~~~~~~~~~~~~~~~~~~^\n        EC.visibility_of_element_located(locator)\n        ^^^^^^^^^^^^^^^^^^^^^^^^^^^^^^^^^^^^^^^^^\n    )\n    ^\n  File \"C:\\vsCode\\parabank_credentials\\venv\\Lib\\site-packages\\selenium\\webdriver\\support\\wait.py\", line 138, in until\n    raise TimeoutException(message, screen, stacktrace)\n"}, "start": 1751094933609, "stop": 1751094943679}], "attachments": [{"name": "screenshot", "source": "bf50a1ec-8143-4f4e-b8b2-544a755cb716-attachment.png", "type": "image/png"}], "start": 1751094933608, "stop": 1751094943687, "uuid": "42d009b8-52f3-4e6d-9f32-f87b6cef5276", "historyId": "526650baf056a089a556142ed879dfac", "testCaseId": "526650baf056a089a556142ed879dfac", "fullName": "testcases.paraBank_test.TestParaBank#test_register_user", "labels": [{"name": "parentSuite", "value": "testcases"}, {"name": "suite", "value": "paraBank_test"}, {"name": "subSuite", "value": "TestParaBank"}, {"name": "host", "value": "Hans"}, {"name": "thread", "value": "6632-MainThread"}, {"name": "framework", "value": "pytest"}, {"name": "language", "value": "cpython3"}, {"name": "package", "value": "testcases.paraBank_test"}]}