{"name": "Test Registration with Valid Data", "status": "broken", "statusDetails": {"message": "Exception: Timeout waiting for element: ('xpath', \"//a[text()='Log Out']\")", "trace": "self = <pages.paraBank_page.ParaBankPage object at 0x000002569B883A10>, locator = ('xpath', \"//a[text()='Log Out']\"), timeout = 10\n\n    def wait_for_element(self, locator, timeout=10):\n        try:\n>           WebDriverWait(self.driver, timeout).until(EC.visibility_of_element_located(locator))\n\nbase\\BaseDriver.py:69: \n_ _ _ _ _ _ _ _ _ _ _ _ _ _ _ _ _ _ _ _ _ _ _ _ _ _ _ _ _ _ _ _ _ _ _ _ _ _ _ _ _ _ _ _ _ _ _ _ _ _ _ _ _ _ _ _ _ _ _ _ _ _ _ _ _ _ _ _ _ _ _ _ _ _ _ _ _ _ _ _ _ _ _ _ _ _ _ _ _ \n\nself = <selenium.webdriver.support.wait.WebDriverWait (session=\"76265e7922d37a4d719eea30f67c1280\")>\nmethod = <function visibility_of_element_located.<locals>._predicate at 0x000002569B9AA020>, message = ''\n\n    def until(self, method: Callable[[D], Union[Literal[False], T]], message: str = \"\") -> T:\n        \"\"\"Wait until the method returns a value that is not False.\n    \n        Calls the method provided with the driver as an argument until the\n        return value does not evaluate to ``False``.\n    \n        Parameters:\n        -----------\n        method: callable(WebDriver)\n            - A callable object that takes a WebDriver instance as an argument.\n    \n        message: str\n            - Optional message for :exc:`TimeoutException`\n    \n        Return:\n        -------\n        object: T\n            - The result of the last call to `method`\n    \n        Raises:\n        -------\n        TimeoutException\n            - If 'method' does not return a truthy value within the WebDriverWait\n            object's timeout\n    \n        Example:\n        --------\n        >>> from selenium.webdriver.common.by import By\n        >>> from selenium.webdriver.support.ui import WebDriverWait\n        >>> from selenium.webdriver.support import expected_conditions as EC\n    \n        # Wait until an element is visible on the page\n        >>> wait = WebDriverWait(driver, 10)\n        >>> element = wait.until(EC.visibility_of_element_located((By.ID, \"exampleId\")))\n        >>> print(element.text)\n        \"\"\"\n        screen = None\n        stacktrace = None\n    \n        end_time = time.monotonic() + self._timeout\n        while True:\n            try:\n                value = method(self._driver)\n                if value:\n                    return value\n            except self._ignored_exceptions as exc:\n                screen = getattr(exc, \"screen\", None)\n                stacktrace = getattr(exc, \"stacktrace\", None)\n            if time.monotonic() > end_time:\n                break\n            time.sleep(self._poll)\n>       raise TimeoutException(message, screen, stacktrace)\nE       selenium.common.exceptions.TimeoutException: Message: \nE       Stacktrace:\nE       \tGetHandleVerifier [0x0xf43b03+62899]\nE       \tGetHandleVerifier [0x0xf43b44+62964]\nE       \t(No symbol) [0x0xd710f3]\nE       \t(No symbol) [0x0xdb980e]\nE       \t(No symbol) [0x0xdb9bab]\nE       \t(No symbol) [0x0xe025c2]\nE       \t(No symbol) [0x0xdde554]\nE       \t(No symbol) [0x0xdffd81]\nE       \t(No symbol) [0x0xdde306]\nE       \t(No symbol) [0x0xdad670]\nE       \t(No symbol) [0x0xdae4e4]\nE       \tGetHandleVerifier [0x0x11a4793+2556483]\nE       \tGetHandleVerifier [0x0x119fd02+2537394]\nE       \tGetHandleVerifier [0x0xf6a2fa+220586]\nE       \tGetHandleVerifier [0x0xf5aae8+157080]\nE       \tGetHandleVerifier [0x0xf6141d+184013]\nE       \tGetHandleVerifier [0x0xf4ba68+95512]\nE       \tGetHandleVerifier [0x0xf4bc10+95936]\nE       \tGetHandleVerifier [0x0xf36b5a+9738]\nE       \tBaseThreadInitThunk [0x0x771e7ba9+25]\nE       \tRtlInitializeExceptionChain [0x0x77ccc0cb+107]\nE       \tRtlClearBits [0x0x77ccc04f+191]\n\nvenv\\Lib\\site-packages\\selenium\\webdriver\\support\\wait.py:138: TimeoutException\n\nThe above exception was the direct cause of the following exception:\n\nself = <paraBank_test.TestParaBank object at 0x000002569B9A47D0>\n\n    @allure.title(\"Test Registration with Valid Data\")\n    @allure.description(\"This test case registers a new user with valid data and verifies the welcome message.\")\n    @pytest.mark.register\n    def test_register_user(self):\n        self.pb.click_register()\n        self.pb.attach_screenshot(\"Test Registration\")\n        username = generate_random_name(prefix=\"user\")\n        password = generate_random_name(prefix=\"pass\")\n        print(f\"Generated username: {username}, password: {password}\")\n    \n        self.pb.add_customer_details(\n            first_name=\"John\",\n            last_name=\"Doe\",\n            address=\"123 Elm St\",\n            city=\"Springfield\",\n            state=\"IL\",\n            zip_code=\"62701\",\n            phone=\"555-1234\",\n            ssn=\"123-45-6789\",\n            username=username,\n            password=password\n        )\n    \n        self.pb.click_register_button()\n        sleep(5)\n        # self.pb.verify_welcome_message_element()\n        self.pb.attach_screenshot(\"Welcome Message\")\n    \n        with allure.step(\"Verify registration success\"):\n            # assert self.pb.is_element_visible(self.pb.Locators.SHOW_OVERVIEW), \\\n                # \"Welcome message not visible after registration\"\n>           self.pb.click_on_logout()\n\ntestcases\\paraBank_test.py:51: \n_ _ _ _ _ _ _ _ _ _ _ _ _ _ _ _ _ _ _ _ _ _ _ _ _ _ _ _ _ _ _ _ _ _ _ _ _ _ _ _ _ _ _ _ _ _ _ _ _ _ _ _ _ _ _ _ _ _ _ _ _ _ _ _ _ _ _ _ _ _ _ _ _ _ _ _ _ _ _ _ _ _ _ _ _ _ _ _ _ \npages\\paraBank_page.py:175: in click_on_logout\n    self.wait_for_element(logout_button)\n_ _ _ _ _ _ _ _ _ _ _ _ _ _ _ _ _ _ _ _ _ _ _ _ _ _ _ _ _ _ _ _ _ _ _ _ _ _ _ _ _ _ _ _ _ _ _ _ _ _ _ _ _ _ _ _ _ _ _ _ _ _ _ _ _ _ _ _ _ _ _ _ _ _ _ _ _ _ _ _ _ _ _ _ _ _ _ _ _ \n\nself = <pages.paraBank_page.ParaBankPage object at 0x000002569B883A10>, locator = ('xpath', \"//a[text()='Log Out']\"), timeout = 10\n\n    def wait_for_element(self, locator, timeout=10):\n        try:\n            WebDriverWait(self.driver, timeout).until(EC.visibility_of_element_located(locator))\n        except TimeoutException as e:\n            allure.attach(self.driver.get_screenshot_as_png(), name=\"Wait Element Timeout\", attachment_type=AttachmentType.PNG)\n>           raise Exception(f\"Timeout waiting for element: {locator}\") from e\nE           Exception: Timeout waiting for element: ('xpath', \"//a[text()='Log Out']\")\n\nbase\\BaseDriver.py:72: Exception"}, "description": "This test case registers a new user with valid data and verifies the welcome message.", "steps": [{"name": "Clicking on Register link", "status": "passed", "start": 1751160723211, "stop": 1751160725318}, {"name": "Adding customer details: 'John' 'Doe'", "status": "passed", "parameters": [{"name": "first_name", "value": "'John'"}, {"name": "last_name", "value": "'Doe'"}, {"name": "address", "value": "'123 Elm St'"}, {"name": "city", "value": "'Springfield'"}, {"name": "state", "value": "'IL'"}, {"name": "zip_code", "value": "'62701'"}, {"name": "phone", "value": "'555-1234'"}, {"name": "ssn", "value": "'123-45-6789'"}, {"name": "username", "value": "'user_4004'"}, {"name": "password", "value": "'pass_8307'"}], "start": 1751160726549, "stop": 1751160728641}, {"name": "Clicking on Register button and verifying welcome message", "status": "passed", "start": 1751160728641, "stop": 1751160733723}, {"name": "Verify registration success", "status": "broken", "statusDetails": {"message": "Exception: Timeout waiting for element: ('xpath', \"//a[text()='Log Out']\")\n", "trace": "  File \"C:\\vsCode\\parabank_credentials\\testcases\\paraBank_test.py\", line 51, in test_register_user\n    self.pb.click_on_logout()\n    ~~~~~~~~~~~~~~~~~~~~~~~^^\n  File \"C:\\vsCode\\parabank_credentials\\pages\\paraBank_page.py\", line 175, in click_on_logout\n    self.wait_for_element(logout_button)\n    ~~~~~~~~~~~~~~~~~~~~~^^^^^^^^^^^^^^^\n  File \"C:\\vsCode\\parabank_credentials\\base\\BaseDriver.py\", line 72, in wait_for_element\n    raise Exception(f\"Timeout waiting for element: {locator}\") from e\n"}, "attachments": [{"name": "Wait Element Timeout", "source": "30c6b006-5fc7-442e-bfb8-9933da724446-attachment.png", "type": "image/png"}], "start": 1751160740062, "stop": 1751160750277}], "attachments": [{"name": "Test Registration", "source": "3cb11eb8-87bb-4102-8721-e58daeee21cd-attachment.png", "type": "image/png"}, {"name": "Welcome Message", "source": "b4176ab5-65c0-441e-b09d-f5215c356dfd-attachment.png", "type": "image/png"}, {"name": "screenshot", "source": "36af0119-62bd-43e1-aaa4-0a227a29bfc1-attachment.png", "type": "image/png"}, {"name": "stdout", "source": "6d08c487-baab-41fa-ae7f-fb3bb77f9c07-attachment.txt", "type": "text/plain"}], "start": 1751160723210, "stop": 1751160750282, "uuid": "cc478f24-14e1-4be8-8e86-316db5ce6f5b", "historyId": "526650baf056a089a556142ed879dfac", "testCaseId": "526650baf056a089a556142ed879dfac", "fullName": "testcases.paraBank_test.TestParaBank#test_register_user", "labels": [{"name": "tag", "value": "register"}, {"name": "parentSuite", "value": "testcases"}, {"name": "suite", "value": "paraBank_test"}, {"name": "subSuite", "value": "TestParaBank"}, {"name": "host", "value": "Hans"}, {"name": "thread", "value": "14160-MainThread"}, {"name": "framework", "value": "pytest"}, {"name": "language", "value": "cpython3"}, {"name": "package", "value": "testcases.paraBank_test"}]}