{"name": "Test Registration with Valid Data", "status": "broken", "statusDetails": {"message": "Exception: Timeout waiting for element: ('xpath', \"//p[contains(text(),'Your account was created successfully. You are now logged in.')]\")", "trace": "self = <pages.paraBank_page.ParaBankPage object at 0x000001E7B98C3CB0>\nlocator = ('xpath', \"//p[contains(text(),'Your account was created successfully. You are now logged in.')]\"), timeout = 20\n\n    def wait_for_element(self, locator, timeout=10):\n        try:\n>           WebDriverWait(self.driver, timeout).until(EC.visibility_of_element_located(locator))\n\nbase\\BaseDriver.py:62: \n_ _ _ _ _ _ _ _ _ _ _ _ _ _ _ _ _ _ _ _ _ _ _ _ _ _ _ _ _ _ _ _ _ _ _ _ _ _ _ _ _ _ _ _ _ _ _ _ _ _ _ _ _ _ _ _ _ _ _ _ _ _ _ _ _ _ _ _ _ _ _ _ _ _ _ _ _ _ _ _ _ _ _ _ _ _ _ _ _ \n\nself = <selenium.webdriver.support.wait.WebDriverWait (session=\"65da2cd42b2f0fbc51b1310070264947\")>\nmethod = <function visibility_of_element_located.<locals>._predicate at 0x000001E7B99E6200>, message = ''\n\n    def until(self, method: Callable[[D], Union[Literal[False], T]], message: str = \"\") -> T:\n        \"\"\"Wait until the method returns a value that is not False.\n    \n        Calls the method provided with the driver as an argument until the\n        return value does not evaluate to ``False``.\n    \n        Parameters:\n        -----------\n        method: callable(WebDriver)\n            - A callable object that takes a WebDriver instance as an argument.\n    \n        message: str\n            - Optional message for :exc:`TimeoutException`\n    \n        Return:\n        -------\n        object: T\n            - The result of the last call to `method`\n    \n        Raises:\n        -------\n        TimeoutException\n            - If 'method' does not return a truthy value within the WebDriverWait\n            object's timeout\n    \n        Example:\n        --------\n        >>> from selenium.webdriver.common.by import By\n        >>> from selenium.webdriver.support.ui import WebDriverWait\n        >>> from selenium.webdriver.support import expected_conditions as EC\n    \n        # Wait until an element is visible on the page\n        >>> wait = WebDriverWait(driver, 10)\n        >>> element = wait.until(EC.visibility_of_element_located((By.ID, \"exampleId\")))\n        >>> print(element.text)\n        \"\"\"\n        screen = None\n        stacktrace = None\n    \n        end_time = time.monotonic() + self._timeout\n        while True:\n            try:\n                value = method(self._driver)\n                if value:\n                    return value\n            except self._ignored_exceptions as exc:\n                screen = getattr(exc, \"screen\", None)\n                stacktrace = getattr(exc, \"stacktrace\", None)\n            if time.monotonic() > end_time:\n                break\n            time.sleep(self._poll)\n>       raise TimeoutException(message, screen, stacktrace)\nE       selenium.common.exceptions.TimeoutException: Message: \nE       Stacktrace:\nE       \tGetHandleVerifier [0x0x11f3b03+62899]\nE       \tGetHandleVerifier [0x0x11f3b44+62964]\nE       \t(No symbol) [0x0x10210f3]\nE       \t(No symbol) [0x0x106980e]\nE       \t(No symbol) [0x0x1069bab]\nE       \t(No symbol) [0x0x10b25c2]\nE       \t(No symbol) [0x0x108e554]\nE       \t(No symbol) [0x0x10afd81]\nE       \t(No symbol) [0x0x108e306]\nE       \t(No symbol) [0x0x105d670]\nE       \t(No symbol) [0x0x105e4e4]\nE       \tGetHandleVerifier [0x0x1454793+2556483]\nE       \tGetHandleVerifier [0x0x144fd02+2537394]\nE       \tGetHandleVerifier [0x0x121a2fa+220586]\nE       \tGetHandleVerifier [0x0x120aae8+157080]\nE       \tGetHandleVerifier [0x0x121141d+184013]\nE       \tGetHandleVerifier [0x0x11fba68+95512]\nE       \tGetHandleVerifier [0x0x11fbc10+95936]\nE       \tGetHandleVerifier [0x0x11e6b5a+9738]\nE       \tBaseThreadInitThunk [0x0x771e7ba9+25]\nE       \tRtlInitializeExceptionChain [0x0x77ccc0cb+107]\nE       \tRtlClearBits [0x0x77ccc04f+191]\n\nvenv\\Lib\\site-packages\\selenium\\webdriver\\support\\wait.py:138: TimeoutException\n\nThe above exception was the direct cause of the following exception:\n\nself = <paraBank_test.TestParaBank object at 0x000001E7B99E07D0>\n\n    @allure.title(\"Test Registration with Valid Data\")\n    @allure.description(\"This test case registers a new user with valid data and verifies the welcome message.\")\n    @pytest.mark.register\n    def test_register_user(self):\n        self.pb.click_register()\n        self.pb.attach_screenshot(\"Test Registration\")\n        username = generate_random_name(prefix=\"user\")\n        password = generate_random_name(prefix=\"pass\")\n        print(f\"Generated username: {username}, password: {password}\")\n    \n        self.pb.add_customer_details(\n            first_name=\"John\",\n            last_name=\"Doe\",\n            address=\"123 Elm St\",\n            city=\"Springfield\",\n            state=\"IL\",\n            zip_code=\"62701\",\n            phone=\"555-1234\",\n            ssn=\"123-45-6789\",\n            username=username,\n            password=password\n        )\n    \n        self.pb.click_register_button()\n        sleep(5)\n>       self.pb.verify_welcome_message_element()\n\ntestcases\\paraBank_test.py:46: \n_ _ _ _ _ _ _ _ _ _ _ _ _ _ _ _ _ _ _ _ _ _ _ _ _ _ _ _ _ _ _ _ _ _ _ _ _ _ _ _ _ _ _ _ _ _ _ _ _ _ _ _ _ _ _ _ _ _ _ _ _ _ _ _ _ _ _ _ _ _ _ _ _ _ _ _ _ _ _ _ _ _ _ _ _ _ _ _ _ \npages\\paraBank_page.py:105: in verify_welcome_message_element\n    self.wait_for_element(self.Locators.WELCOME_MESSAGE_ELEMENT, timeout=20)  # was 10\n    ^^^^^^^^^^^^^^^^^^^^^^^^^^^^^^^^^^^^^^^^^^^^^^^^^^^^^^^^^^^^^^^^^^^^^^^^\n_ _ _ _ _ _ _ _ _ _ _ _ _ _ _ _ _ _ _ _ _ _ _ _ _ _ _ _ _ _ _ _ _ _ _ _ _ _ _ _ _ _ _ _ _ _ _ _ _ _ _ _ _ _ _ _ _ _ _ _ _ _ _ _ _ _ _ _ _ _ _ _ _ _ _ _ _ _ _ _ _ _ _ _ _ _ _ _ _ \n\nself = <pages.paraBank_page.ParaBankPage object at 0x000001E7B98C3CB0>\nlocator = ('xpath', \"//p[contains(text(),'Your account was created successfully. You are now logged in.')]\"), timeout = 20\n\n    def wait_for_element(self, locator, timeout=10):\n        try:\n            WebDriverWait(self.driver, timeout).until(EC.visibility_of_element_located(locator))\n        except TimeoutException as e:\n            allure.attach(self.driver.get_screenshot_as_png(), name=\"Wait Element Timeout\", attachment_type=AttachmentType.PNG)\n>           raise Exception(f\"Timeout waiting for element: {locator}\") from e\nE           Exception: Timeout waiting for element: ('xpath', \"//p[contains(text(),'Your account was created successfully. You are now logged in.')]\")\n\nbase\\BaseDriver.py:65: Exception"}, "description": "This test case registers a new user with valid data and verifies the welcome message.", "steps": [{"name": "Clicking on Register link", "status": "passed", "start": 1751153648723, "stop": 1751153650760}, {"name": "Adding customer details: 'John' 'Doe'", "status": "passed", "parameters": [{"name": "first_name", "value": "'John'"}, {"name": "last_name", "value": "'Doe'"}, {"name": "address", "value": "'123 Elm St'"}, {"name": "city", "value": "'Springfield'"}, {"name": "state", "value": "'IL'"}, {"name": "zip_code", "value": "'62701'"}, {"name": "phone", "value": "'555-1234'"}, {"name": "ssn", "value": "'123-45-6789'"}, {"name": "username", "value": "'user_5679'"}, {"name": "password", "value": "'pass_2509'"}], "start": 1751153650943, "stop": 1751153652623}, {"name": "Clicking on Register button and verifying welcome message", "status": "passed", "start": 1751153652623, "stop": 1751153658150}, {"name": "Verifying welcome message", "status": "broken", "statusDetails": {"message": "Exception: Timeout waiting for element: ('xpath', \"//p[contains(text(),'Your account was created successfully. You are now logged in.')]\")\n", "trace": "  File \"C:\\vsCode\\parabank_credentials\\venv\\Lib\\site-packages\\allure_commons\\_allure.py\", line 202, in impl\n    return func(*a, **kw)\n  File \"C:\\vsCode\\parabank_credentials\\pages\\paraBank_page.py\", line 105, in verify_welcome_message_element\n    self.wait_for_element(self.Locators.WELCOME_MESSAGE_ELEMENT, timeout=20)  # was 10\n    ~~~~~~~~~~~~~~~~~~~~~^^^^^^^^^^^^^^^^^^^^^^^^^^^^^^^^^^^^^^^^^^^^^^^^^^^\n  File \"C:\\vsCode\\parabank_credentials\\base\\BaseDriver.py\", line 65, in wait_for_element\n    raise Exception(f\"Timeout waiting for element: {locator}\") from e\n"}, "attachments": [{"name": "Wait Element Timeout", "source": "ade03b73-2df7-4bcf-b99a-f64c083336b6-attachment.png", "type": "image/png"}], "start": 1751153663166, "stop": 1751153684295}], "attachments": [{"name": "Test Registration", "source": "5b2d4388-ab3a-4f86-b7d7-c97ae0cea48c-attachment.png", "type": "image/png"}, {"name": "screenshot", "source": "a6cd1cc2-535b-455c-95c7-e55c67d6df57-attachment.png", "type": "image/png"}, {"name": "stdout", "source": "02d6d360-1e38-41b4-b675-d5efc2014351-attachment.txt", "type": "text/plain"}], "start": 1751153648723, "stop": 1751153684302, "uuid": "b18c029c-86d6-46c6-993c-4c26df5e1c78", "historyId": "526650baf056a089a556142ed879dfac", "testCaseId": "526650baf056a089a556142ed879dfac", "fullName": "testcases.paraBank_test.TestParaBank#test_register_user", "labels": [{"name": "tag", "value": "register"}, {"name": "parentSuite", "value": "testcases"}, {"name": "suite", "value": "paraBank_test"}, {"name": "subSuite", "value": "TestParaBank"}, {"name": "host", "value": "Hans"}, {"name": "thread", "value": "4700-MainThread"}, {"name": "framework", "value": "pytest"}, {"name": "language", "value": "cpython3"}, {"name": "package", "value": "testcases.paraBank_test"}]}