{"name": "Test Registration with Valid Data", "status": "broken", "statusDetails": {"message": "Exception: Timeout waiting for element: ('xpath', \"//p[contains(text(),'Your account was created successfully. You are now logged in.')]\")", "trace": "self = <pages.paraBank_page.ParaBankPage object at 0x00000236419B3E00>\nlocator = ('xpath', \"//p[contains(text(),'Your account was created successfully. You are now logged in.')]\"), timeout = 10\n\n    def wait_for_element(self, locator, timeout=10):\n        try:\n>           WebDriverWait(self.driver, timeout).until(EC.visibility_of_element_located(locator))\n\nbase\\BaseDriver.py:62: \n_ _ _ _ _ _ _ _ _ _ _ _ _ _ _ _ _ _ _ _ _ _ _ _ _ _ _ _ _ _ _ _ _ _ _ _ _ _ _ _ _ _ _ _ _ _ _ _ _ _ _ _ _ _ _ _ _ _ _ _ _ _ _ _ _ _ _ _ _ _ _ _ _ _ _ _ _ _ _ _ _ _ _ _ _ _ _ _ _ \n\nself = <selenium.webdriver.support.wait.WebDriverWait (session=\"b98495015a5c9875eebdf79a0be21327\")>\nmethod = <function visibility_of_element_located.<locals>._predicate at 0x0000023641ADA2A0>, message = ''\n\n    def until(self, method: Callable[[D], Union[Literal[False], T]], message: str = \"\") -> T:\n        \"\"\"Wait until the method returns a value that is not False.\n    \n        Calls the method provided with the driver as an argument until the\n        return value does not evaluate to ``False``.\n    \n        Parameters:\n        -----------\n        method: callable(WebDriver)\n            - A callable object that takes a WebDriver instance as an argument.\n    \n        message: str\n            - Optional message for :exc:`TimeoutException`\n    \n        Return:\n        -------\n        object: T\n            - The result of the last call to `method`\n    \n        Raises:\n        -------\n        TimeoutException\n            - If 'method' does not return a truthy value within the WebDriverWait\n            object's timeout\n    \n        Example:\n        --------\n        >>> from selenium.webdriver.common.by import By\n        >>> from selenium.webdriver.support.ui import WebDriverWait\n        >>> from selenium.webdriver.support import expected_conditions as EC\n    \n        # Wait until an element is visible on the page\n        >>> wait = WebDriverWait(driver, 10)\n        >>> element = wait.until(EC.visibility_of_element_located((By.ID, \"exampleId\")))\n        >>> print(element.text)\n        \"\"\"\n        screen = None\n        stacktrace = None\n    \n        end_time = time.monotonic() + self._timeout\n        while True:\n            try:\n                value = method(self._driver)\n                if value:\n                    return value\n            except self._ignored_exceptions as exc:\n                screen = getattr(exc, \"screen\", None)\n                stacktrace = getattr(exc, \"stacktrace\", None)\n            if time.monotonic() > end_time:\n                break\n            time.sleep(self._poll)\n>       raise TimeoutException(message, screen, stacktrace)\nE       selenium.common.exceptions.TimeoutException: Message: \nE       Stacktrace:\nE       \tGetHandleVerifier [0x0x633b03+62899]\nE       \tGetHandleVerifier [0x0x633b44+62964]\nE       \t(No symbol) [0x0x4610f3]\nE       \t(No symbol) [0x0x4a980e]\nE       \t(No symbol) [0x0x4a9bab]\nE       \t(No symbol) [0x0x4f25c2]\nE       \t(No symbol) [0x0x4ce554]\nE       \t(No symbol) [0x0x4efd81]\nE       \t(No symbol) [0x0x4ce306]\nE       \t(No symbol) [0x0x49d670]\nE       \t(No symbol) [0x0x49e4e4]\nE       \tGetHandleVerifier [0x0x894793+2556483]\nE       \tGetHandleVerifier [0x0x88fd02+2537394]\nE       \tGetHandleVerifier [0x0x65a2fa+220586]\nE       \tGetHandleVerifier [0x0x64aae8+157080]\nE       \tGetHandleVerifier [0x0x65141d+184013]\nE       \tGetHandleVerifier [0x0x63ba68+95512]\nE       \tGetHandleVerifier [0x0x63bc10+95936]\nE       \tGetHandleVerifier [0x0x626b5a+9738]\nE       \tBaseThreadInitThunk [0x0x75a17ba9+25]\nE       \tRtlInitializeExceptionChain [0x0x77d0c0cb+107]\nE       \tRtlClearBits [0x0x77d0c04f+191]\n\nvenv\\Lib\\site-packages\\selenium\\webdriver\\support\\wait.py:138: TimeoutException\n\nThe above exception was the direct cause of the following exception:\n\nself = <paraBank_test.TestParaBank object at 0x00000236418F2AD0>\n\n    @allure.title(\"Test Registration with Valid Data\")\n    @allure.description(\"This test case registers a new user with valid data and verifies the welcome message.\")\n    def test_register_user(self):\n        self.pb.click_register()\n    \n        username = generate_random_name(prefix=\"user\")\n        password = generate_random_name(prefix=\"pass\")\n        print(f\"Generated username: {username}, password: {password}\")\n    \n        self.pb.add_customer_details(\n            first_name=\"John\",\n            last_name=\"Doe\",\n            address=\"123 Elm St\",\n            city=\"Springfield\",\n            state=\"IL\",\n            zip_code=\"62701\",\n            phone=\"555-1234\",\n            ssn=\"123-45-6789\",\n            username=username,\n            password=password\n        )\n    \n        self.pb.click_register_button()\n        sleep(5)\n>       self.pb.verify_welcome_message_element()\n\ntestcases\\paraBank_test.py:45: \n_ _ _ _ _ _ _ _ _ _ _ _ _ _ _ _ _ _ _ _ _ _ _ _ _ _ _ _ _ _ _ _ _ _ _ _ _ _ _ _ _ _ _ _ _ _ _ _ _ _ _ _ _ _ _ _ _ _ _ _ _ _ _ _ _ _ _ _ _ _ _ _ _ _ _ _ _ _ _ _ _ _ _ _ _ _ _ _ _ \npages\\paraBank_page.py:102: in verify_welcome_message_element\n    self.wait_for_element(self.Locators.WELCOME_MESSAGE_ELEMENT)\n_ _ _ _ _ _ _ _ _ _ _ _ _ _ _ _ _ _ _ _ _ _ _ _ _ _ _ _ _ _ _ _ _ _ _ _ _ _ _ _ _ _ _ _ _ _ _ _ _ _ _ _ _ _ _ _ _ _ _ _ _ _ _ _ _ _ _ _ _ _ _ _ _ _ _ _ _ _ _ _ _ _ _ _ _ _ _ _ _ \n\nself = <pages.paraBank_page.ParaBankPage object at 0x00000236419B3E00>\nlocator = ('xpath', \"//p[contains(text(),'Your account was created successfully. You are now logged in.')]\"), timeout = 10\n\n    def wait_for_element(self, locator, timeout=10):\n        try:\n            WebDriverWait(self.driver, timeout).until(EC.visibility_of_element_located(locator))\n        except TimeoutException as e:\n            allure.attach(self.driver.get_screenshot_as_png(), name=\"Wait Element Timeout\", attachment_type=AttachmentType.PNG)\n>           raise Exception(f\"Timeout waiting for element: {locator}\") from e\nE           Exception: Timeout waiting for element: ('xpath', \"//p[contains(text(),'Your account was created successfully. You are now logged in.')]\")\n\nbase\\BaseDriver.py:65: Exception"}, "description": "This test case registers a new user with valid data and verifies the welcome message.", "steps": [{"name": "Clicking on Register link", "status": "passed", "start": 1751105917077, "stop": 1751105919240}, {"name": "Adding customer details: 'John' 'Doe'", "status": "passed", "parameters": [{"name": "first_name", "value": "'John'"}, {"name": "last_name", "value": "'Doe'"}, {"name": "address", "value": "'123 Elm St'"}, {"name": "city", "value": "'Springfield'"}, {"name": "state", "value": "'IL'"}, {"name": "zip_code", "value": "'62701'"}, {"name": "phone", "value": "'555-1234'"}, {"name": "ssn", "value": "'123-45-6789'"}, {"name": "username", "value": "'user_8287'"}, {"name": "password", "value": "'pass_9554'"}], "start": 1751105919241, "stop": 1751105921197}, {"name": "Clicking on Register button and verifying welcome message", "status": "passed", "start": 1751105921197, "stop": 1751105926231}, {"name": "Verifying welcome message", "status": "broken", "statusDetails": {"message": "Exception: Timeout waiting for element: ('xpath', \"//p[contains(text(),'Your account was created successfully. You are now logged in.')]\")\n", "trace": "  File \"C:\\vsCode\\parabank_credentials\\venv\\Lib\\site-packages\\allure_commons\\_allure.py\", line 202, in impl\n    return func(*a, **kw)\n  File \"C:\\vsCode\\parabank_credentials\\pages\\paraBank_page.py\", line 102, in verify_welcome_message_element\n    self.wait_for_element(self.Locators.WELCOME_MESSAGE_ELEMENT)\n    ~~~~~~~~~~~~~~~~~~~~~^^^^^^^^^^^^^^^^^^^^^^^^^^^^^^^^^^^^^^^\n  File \"C:\\vsCode\\parabank_credentials\\base\\BaseDriver.py\", line 65, in wait_for_element\n    raise Exception(f\"Timeout waiting for element: {locator}\") from e\n"}, "attachments": [{"name": "Wait Element Timeout", "source": "e54f05f4-1441-4b73-9053-e8abdc2dc249-attachment.png", "type": "image/png"}], "start": 1751105931235, "stop": 1751105946468}], "attachments": [{"name": "screenshot", "source": "38192326-c3c3-41df-a957-8697e8df2c47-attachment.png", "type": "image/png"}, {"name": "stdout", "source": "2675e00a-e50b-4948-bcd9-e46ce5e3d7b7-attachment.txt", "type": "text/plain"}], "start": 1751105917077, "stop": 1751105946474, "uuid": "a442a40f-8d6e-4445-b0f8-4d4dd6aa660a", "historyId": "526650baf056a089a556142ed879dfac", "testCaseId": "526650baf056a089a556142ed879dfac", "fullName": "testcases.paraBank_test.TestParaBank#test_register_user", "labels": [{"name": "parentSuite", "value": "testcases"}, {"name": "suite", "value": "paraBank_test"}, {"name": "subSuite", "value": "TestParaBank"}, {"name": "host", "value": "Hans"}, {"name": "thread", "value": "11808-MainThread"}, {"name": "framework", "value": "pytest"}, {"name": "language", "value": "cpython3"}, {"name": "package", "value": "testcases.paraBank_test"}]}