{"name": "Test Registration with Invalid Data", "status": "broken", "statusDetails": {"message": "selenium.common.exceptions.TimeoutException: Message: \nStacktrace:\n\tGetHandleVerifier [0x0xe43b03+62899]\n\tGetHandleVerifier [0x0xe43b44+62964]\n\t(No symbol) [0x0xc710f3]\n\t(No symbol) [0x0xcb980e]\n\t(No symbol) [0x0xcb9bab]\n\t(No symbol) [0x0xd025c2]\n\t(No symbol) [0x0xcde554]\n\t(No symbol) [0x0xcffd81]\n\t(No symbol) [0x0xcde306]\n\t(No symbol) [0x0xcad670]\n\t(No symbol) [0x0xcae4e4]\n\tGetHandleVerifier [0x0x10a4793+2556483]\n\tGetHandleVerifier [0x0x109fd02+2537394]\n\tGetHandleVerifier [0x0xe6a2fa+220586]\n\tGetHandleVerifier [0x0xe5aae8+157080]\n\tGetHandleVerifier [0x0xe6141d+184013]\n\tGetHandleVerifier [0x0xe4ba68+95512]\n\tGetHandleVerifier [0x0xe4bc10+95936]\n\tGetHandleVerifier [0x0xe36b5a+9738]\n\tBaseThreadInitThunk [0x0x75a17ba9+25]\n\tRtlInitializeExceptionChain [0x0x77d0c0cb+107]\n\tRtlClearBits [0x0x77d0c04f+191]", "trace": "self = <paraBank_test.TestParaBank object at 0x000001F83E46CF50>\n\n    @allure.title(\"Test Registration with Invalid Data\")\n    def test_register_user_with_invalid_data(self):\n>       self.pb.click_register()\n\ntestcases\\paraBank_test.py:43: \n_ _ _ _ _ _ _ _ _ _ _ _ _ _ _ _ _ _ _ _ _ _ _ _ _ _ _ _ _ _ _ _ _ _ _ _ _ _ _ _ _ _ _ _ _ _ _ _ _ _ _ _ _ _ _ _ _ _ _ _ _ _ _ _ _ _ _ _ _ _ _ _ _ _ _ _ _ _ _ _ _ _ _ _ _ _ _ _ _ \npages\\paraBank_page.py:62: in click_register\n    self.wait_for_element(self.Locators.REGISTER_BUTTON)\nbase\\BaseDriver.py:52: in wait_for_element\n    WebDriverWait(self.driver, timeout).until(\n_ _ _ _ _ _ _ _ _ _ _ _ _ _ _ _ _ _ _ _ _ _ _ _ _ _ _ _ _ _ _ _ _ _ _ _ _ _ _ _ _ _ _ _ _ _ _ _ _ _ _ _ _ _ _ _ _ _ _ _ _ _ _ _ _ _ _ _ _ _ _ _ _ _ _ _ _ _ _ _ _ _ _ _ _ _ _ _ _ \n\nself = <selenium.webdriver.support.wait.WebDriverWait (session=\"7efdf678c93759e58798d12298b95ad7\")>\nmethod = <function visibility_of_element_located.<locals>._predicate at 0x000001F83E55A5C0>, message = ''\n\n    def until(self, method: Callable[[D], Union[Literal[False], T]], message: str = \"\") -> T:\n        \"\"\"Wait until the method returns a value that is not False.\n    \n        Calls the method provided with the driver as an argument until the\n        return value does not evaluate to ``False``.\n    \n        Parameters:\n        -----------\n        method: callable(WebDriver)\n            - A callable object that takes a WebDriver instance as an argument.\n    \n        message: str\n            - Optional message for :exc:`TimeoutException`\n    \n        Return:\n        -------\n        object: T\n            - The result of the last call to `method`\n    \n        Raises:\n        -------\n        TimeoutException\n            - If 'method' does not return a truthy value within the WebDriverWait\n            object's timeout\n    \n        Example:\n        --------\n        >>> from selenium.webdriver.common.by import By\n        >>> from selenium.webdriver.support.ui import WebDriverWait\n        >>> from selenium.webdriver.support import expected_conditions as EC\n    \n        # Wait until an element is visible on the page\n        >>> wait = WebDriverWait(driver, 10)\n        >>> element = wait.until(EC.visibility_of_element_located((By.ID, \"exampleId\")))\n        >>> print(element.text)\n        \"\"\"\n        screen = None\n        stacktrace = None\n    \n        end_time = time.monotonic() + self._timeout\n        while True:\n            try:\n                value = method(self._driver)\n                if value:\n                    return value\n            except self._ignored_exceptions as exc:\n                screen = getattr(exc, \"screen\", None)\n                stacktrace = getattr(exc, \"stacktrace\", None)\n            if time.monotonic() > end_time:\n                break\n            time.sleep(self._poll)\n>       raise TimeoutException(message, screen, stacktrace)\nE       selenium.common.exceptions.TimeoutException: Message: \nE       Stacktrace:\nE       \tGetHandleVerifier [0x0xe43b03+62899]\nE       \tGetHandleVerifier [0x0xe43b44+62964]\nE       \t(No symbol) [0x0xc710f3]\nE       \t(No symbol) [0x0xcb980e]\nE       \t(No symbol) [0x0xcb9bab]\nE       \t(No symbol) [0x0xd025c2]\nE       \t(No symbol) [0x0xcde554]\nE       \t(No symbol) [0x0xcffd81]\nE       \t(No symbol) [0x0xcde306]\nE       \t(No symbol) [0x0xcad670]\nE       \t(No symbol) [0x0xcae4e4]\nE       \tGetHandleVerifier [0x0x10a4793+2556483]\nE       \tGetHandleVerifier [0x0x109fd02+2537394]\nE       \tGetHandleVerifier [0x0xe6a2fa+220586]\nE       \tGetHandleVerifier [0x0xe5aae8+157080]\nE       \tGetHandleVerifier [0x0xe6141d+184013]\nE       \tGetHandleVerifier [0x0xe4ba68+95512]\nE       \tGetHandleVerifier [0x0xe4bc10+95936]\nE       \tGetHandleVerifier [0x0xe36b5a+9738]\nE       \tBaseThreadInitThunk [0x0x75a17ba9+25]\nE       \tRtlInitializeExceptionChain [0x0x77d0c0cb+107]\nE       \tRtlClearBits [0x0x77d0c04f+191]\n\nvenv\\Lib\\site-packages\\selenium\\webdriver\\support\\wait.py:138: TimeoutException"}, "steps": [{"name": "Clicking on Register link", "status": "broken", "statusDetails": {"message": "selenium.common.exceptions.TimeoutException: Message: \nStacktrace:\n\tGetHandleVerifier [0x0xe43b03+62899]\n\tGetHandleVerifier [0x0xe43b44+62964]\n\t(No symbol) [0x0xc710f3]\n\t(No symbol) [0x0xcb980e]\n\t(No symbol) [0x0xcb9bab]\n\t(No symbol) [0x0xd025c2]\n\t(No symbol) [0x0xcde554]\n\t(No symbol) [0x0xcffd81]\n\t(No symbol) [0x0xcde306]\n\t(No symbol) [0x0xcad670]\n\t(No symbol) [0x0xcae4e4]\n\tGetHandleVerifier [0x0x10a4793+2556483]\n\tGetHandleVerifier [0x0x109fd02+2537394]\n\tGetHandleVerifier [0x0xe6a2fa+220586]\n\tGetHandleVerifier [0x0xe5aae8+157080]\n\tGetHandleVerifier [0x0xe6141d+184013]\n\tGetHandleVerifier [0x0xe4ba68+95512]\n\tGetHandleVerifier [0x0xe4bc10+95936]\n\tGetHandleVerifier [0x0xe36b5a+9738]\n\tBaseThreadInitThunk [0x0x75a17ba9+25]\n\tRtlInitializeExceptionChain [0x0x77d0c0cb+107]\n\tRtlClearBits [0x0x77d0c04f+191]\n\n", "trace": "  File \"C:\\vsCode\\parabank_credentials\\venv\\Lib\\site-packages\\allure_commons\\_allure.py\", line 202, in impl\n    return func(*a, **kw)\n  File \"C:\\vsCode\\parabank_credentials\\pages\\paraBank_page.py\", line 62, in click_register\n    self.wait_for_element(self.Locators.REGISTER_BUTTON)\n    ~~~~~~~~~~~~~~~~~~~~~^^^^^^^^^^^^^^^^^^^^^^^^^^^^^^^\n  File \"C:\\vsCode\\parabank_credentials\\base\\BaseDriver.py\", line 52, in wait_for_element\n        WebDriverWait(self.driver, timeout).until(\n        ~~~~~~~~~~~~~~~~~~~~~~~~~~~~~~~~~~~~~~~~~^\n        EC.visibility_of_element_located(locator)\n        ^^^^^^^^^^^^^^^^^^^^^^^^^^^^^^^^^^^^^^^^^\n    )\n    ^\n  File \"C:\\vsCode\\parabank_credentials\\venv\\Lib\\site-packages\\selenium\\webdriver\\support\\wait.py\", line 138, in until\n    raise TimeoutException(message, screen, stacktrace)\n"}, "start": 1751091805828, "stop": 1751091825874}], "attachments": [{"name": "screenshot", "source": "891ff052-a6af-4459-9382-ff4c3cc56151-attachment.png", "type": "image/png"}, {"name": "stdout", "source": "e22b4d0c-bfa1-4f73-b67b-c32bad9a683f-attachment.txt", "type": "text/plain"}], "start": 1751091805827, "stop": 1751091825878, "uuid": "ea99e00b-9a99-4129-b756-1536ad43a169", "historyId": "c72fc3edbefed83b6e3076b54585fcc5", "testCaseId": "c72fc3edbefed83b6e3076b54585fcc5", "fullName": "testcases.paraBank_test.TestParaBank#test_register_user_with_invalid_data", "labels": [{"name": "parentSuite", "value": "testcases"}, {"name": "suite", "value": "paraBank_test"}, {"name": "subSuite", "value": "TestParaBank"}, {"name": "host", "value": "Hans"}, {"name": "thread", "value": "14160-MainThread"}, {"name": "framework", "value": "pytest"}, {"name": "language", "value": "cpython3"}, {"name": "package", "value": "testcases.paraBank_test"}]}