{"name": "Test Registration with Valid Data", "status": "failed", "statusDetails": {"message": "AssertionError: Welcome message verification failed: Message: \nStacktrace:\n\tGetHandleVerifier [0x0x10b3b03+62899]\n\tGetHandleVerifier [0x0x10b3b44+62964]\n\t(No symbol) [0x0xee10f3]\n\t(No symbol) [0x0xf2980e]\n\t(No symbol) [0x0xf29bab]\n\t(No symbol) [0x0xf725c2]\n\t(No symbol) [0x0xf4e554]\n\t(No symbol) [0x0xf6fd81]\n\t(No symbol) [0x0xf4e306]\n\t(No symbol) [0x0xf1d670]\n\t(No symbol) [0x0xf1e4e4]\n\tGetHandleVerifier [0x0x1314793+2556483]\n\tGetHandleVerifier [0x0x130fd02+2537394]\n\tGetHandleVerifier [0x0x10da2fa+220586]\n\tGetHandleVerifier [0x0x10caae8+157080]\n\tGetHandleVerifier [0x0x10d141d+184013]\n\tGetHandleVerifier [0x0x10bba68+95512]\n\tGetHandleVerifier [0x0x10bbc10+95936]\n\tGetHandleVerifier [0x0x10a6b5a+9738]\n\tBaseThreadInitThunk [0x0x75a17ba9+25]\n\tRtlInitializeExceptionChain [0x0x77d0c0cb+107]\n\tRtlClearBits [0x0x77d0c04f+191]", "trace": "self = <pages.paraBank_page.ParaBankPage object at 0x00000212A2A73E00>\n\n    @allure.step(\"Verifying welcome message\")\n    def verify_welcome_message_element(self):\n        try:\n>           self.wait_for_element(self.Locators.WELCOME_MESSAGE_ELEMENT, timeout=15)\n\npages\\paraBank_page.py:89: \n_ _ _ _ _ _ _ _ _ _ _ _ _ _ _ _ _ _ _ _ _ _ _ _ _ _ _ _ _ _ _ _ _ _ _ _ _ _ _ _ _ _ _ _ _ _ _ _ _ _ _ _ _ _ _ _ _ _ _ _ _ _ _ _ _ _ _ _ _ _ _ _\nbase\\BaseDriver.py:52: in wait_for_element\n    WebDriverWait(self.driver, timeout).until(\n_ _ _ _ _ _ _ _ _ _ _ _ _ _ _ _ _ _ _ _ _ _ _ _ _ _ _ _ _ _ _ _ _ _ _ _ _ _ _ _ _ _ _ _ _ _ _ _ _ _ _ _ _ _ _ _ _ _ _ _ _ _ _ _ _ _ _ _ _ _ _ _\n\nself = <selenium.webdriver.support.wait.WebDriverWait (session=\"fca9abae17f42b8840c2300857cb7454\")>\nmethod = <function visibility_of_element_located.<locals>._predicate at 0x00000212A2B99F80>, message = ''\n\n    def until(self, method: Callable[[D], Union[Literal[False], T]], message: str = \"\") -> T:\n        \"\"\"Wait until the method returns a value that is not False.\n    \n        Calls the method provided with the driver as an argument until the\n        return value does not evaluate to ``False``.\n    \n        Parameters:\n        -----------\n        method: callable(WebDriver)\n            - A callable object that takes a WebDriver instance as an argument.\n    \n        message: str\n            - Optional message for :exc:`TimeoutException`\n    \n        Return:\n        -------\n        object: T\n            - The result of the last call to `method`\n    \n        Raises:\n        -------\n        TimeoutException\n            - If 'method' does not return a truthy value within the WebDriverWait\n            object's timeout\n    \n        Example:\n        --------\n        >>> from selenium.webdriver.common.by import By\n        >>> from selenium.webdriver.support.ui import WebDriverWait\n        >>> from selenium.webdriver.support import expected_conditions as EC\n    \n        # Wait until an element is visible on the page\n        >>> wait = WebDriverWait(driver, 10)\n        >>> element = wait.until(EC.visibility_of_element_located((By.ID, \"exampleId\")))\n        >>> print(element.text)\n        \"\"\"\n        screen = None\n        stacktrace = None\n    \n        end_time = time.monotonic() + self._timeout\n        while True:\n            try:\n                value = method(self._driver)\n                if value:\n                    return value\n            except self._ignored_exceptions as exc:\n                screen = getattr(exc, \"screen\", None)\n                stacktrace = getattr(exc, \"stacktrace\", None)\n            if time.monotonic() > end_time:\n                break\n            time.sleep(self._poll)\n>       raise TimeoutException(message, screen, stacktrace)\nE       selenium.common.exceptions.TimeoutException: Message: \nE       Stacktrace:\nE       \tGetHandleVerifier [0x0x10b3b03+62899]\nE       \tGetHandleVerifier [0x0x10b3b44+62964]\nE       \t(No symbol) [0x0xee10f3]\nE       \t(No symbol) [0x0xf2980e]\nE       \t(No symbol) [0x0xf29bab]\nE       \t(No symbol) [0x0xf725c2]\nE       \t(No symbol) [0x0xf4e554]\nE       \t(No symbol) [0x0xf6fd81]\nE       \t(No symbol) [0x0xf4e306]\nE       \t(No symbol) [0x0xf1d670]\nE       \t(No symbol) [0x0xf1e4e4]\nE       \tGetHandleVerifier [0x0x1314793+2556483]\nE       \tGetHandleVerifier [0x0x130fd02+2537394]\nE       \tGetHandleVerifier [0x0x10da2fa+220586]\nE       \tGetHandleVerifier [0x0x10caae8+157080]\nE       \tGetHandleVerifier [0x0x10d141d+184013]\nE       \tGetHandleVerifier [0x0x10bba68+95512]\nE       \tGetHandleVerifier [0x0x10bbc10+95936]\nE       \tGetHandleVerifier [0x0x10a6b5a+9738]\nE       \tBaseThreadInitThunk [0x0x75a17ba9+25]\nE       \tRtlInitializeExceptionChain [0x0x77d0c0cb+107]\nE       \tRtlClearBits [0x0x77d0c04f+191]\n\nvenv\\Lib\\site-packages\\selenium\\webdriver\\support\\wait.py:138: TimeoutException\n\nDuring handling of the above exception, another exception occurred:\n\nself = <paraBank_test.TestParaBank object at 0x00000212A29B2AD0>\n\n    @allure.title(\"Test Registration with Valid Data\")\n    @allure.description(\"This test case registers a new user with valid data and verifies the welcome message.\")\n    def test_register_user(self):\n        self.pb.click_register()\n    \n        username = generate_random_name(prefix=\"user\")\n        password = generate_random_name(prefix=\"pass\")\n        print(f\"Generated username: {username}, password: {password}\")\n    \n        self.pb.add_customer_details(\n            first_name=\"John\",\n            last_name=\"Doe\",\n            address=\"123 Elm St\",\n            city=\"Springfield\",\n            state=\"IL\",\n            zip_code=\"62701\",\n            phone=\"555-1234\",\n            ssn=\"123-45-6789\",\n            username=username,\n            password=password\n        )\n        self.pb.click_register_button()\n        sleep(5)\n>       self.pb.verify_welcome_message_element()\n\ntestcases\\paraBank_test.py:44: \n_ _ _ _ _ _ _ _ _ _ _ _ _ _ _ _ _ _ _ _ _ _ _ _ _ _ _ _ _ _ _ _ _ _ _ _ _ _ _ _ _ _ _ _ _ _ _ _ _ _ _ _ _ _ _ _ _ _ _ _ _ _ _ _ _ _ _ _ _ _ _ _\n\nself = <pages.paraBank_page.ParaBankPage object at 0x00000212A2A73E00>\n\n    @allure.step(\"Verifying welcome message\")\n    def verify_welcome_message_element(self):\n        try:\n            self.wait_for_element(self.Locators.WELCOME_MESSAGE_ELEMENT, timeout=15)\n            element = self.get_element(self.Locators.WELCOME_MESSAGE_ELEMENT)\n            if element and element.is_displayed():\n                self.scroll_highlight_element(element)\n                allure.attach(self.driver.get_screenshot_as_png(), name=\"Welcome Message\",\n                            attachment_type=AttachmentType.PNG)\n                assert element.text.strip() != \"\", \"Welcome message is empty\"\n            else:\n                raise Exception(\"Element found but not displayed\")\n        except Exception as e:\n            allure.attach(self.driver.get_screenshot_as_png(), name=\"Failure Screenshot\",\n                        attachment_type=AttachmentType.PNG)\n            allure.attach(str(e), name=\"Exception\", attachment_type=AttachmentType.TEXT)\n>           assert False, f\"Welcome message verification failed: {e}\"\n                   ^^^^^\nE           AssertionError: Welcome message verification failed: Message: \nE           Stacktrace:\nE           \tGetHandleVerifier [0x0x10b3b03+62899]\nE           \tGetHandleVerifier [0x0x10b3b44+62964]\nE           \t(No symbol) [0x0xee10f3]\nE           \t(No symbol) [0x0xf2980e]\nE           \t(No symbol) [0x0xf29bab]\nE           \t(No symbol) [0x0xf725c2]\nE           \t(No symbol) [0x0xf4e554]\nE           \t(No symbol) [0x0xf6fd81]\nE           \t(No symbol) [0x0xf4e306]\nE           \t(No symbol) [0x0xf1d670]\nE           \t(No symbol) [0x0xf1e4e4]\nE           \tGetHandleVerifier [0x0x1314793+2556483]\nE           \tGetHandleVerifier [0x0x130fd02+2537394]\nE           \tGetHandleVerifier [0x0x10da2fa+220586]\nE           \tGetHandleVerifier [0x0x10caae8+157080]\nE           \tGetHandleVerifier [0x0x10d141d+184013]\nE           \tGetHandleVerifier [0x0x10bba68+95512]\nE           \tGetHandleVerifier [0x0x10bbc10+95936]\nE           \tGetHandleVerifier [0x0x10a6b5a+9738]\nE           \tBaseThreadInitThunk [0x0x75a17ba9+25]\nE           \tRtlInitializeExceptionChain [0x0x77d0c0cb+107]\nE           \tRtlClearBits [0x0x77d0c04f+191]\n\npages\\paraBank_page.py:102: AssertionError"}, "description": "This test case registers a new user with valid data and verifies the welcome message.", "steps": [{"name": "Clicking on Register link", "status": "passed", "start": 1751092613333, "stop": 1751092618473}, {"name": "Adding customer details: 'John' 'Doe'", "status": "passed", "parameters": [{"name": "first_name", "value": "'John'"}, {"name": "last_name", "value": "'Doe'"}, {"name": "address", "value": "'123 Elm St'"}, {"name": "city", "value": "'Springfield'"}, {"name": "state", "value": "'IL'"}, {"name": "zip_code", "value": "'62701'"}, {"name": "phone", "value": "'555-1234'"}, {"name": "ssn", "value": "'123-45-6789'"}, {"name": "username", "value": "'user_1743'"}, {"name": "password", "value": "'pass_5178'"}], "start": 1751092618474, "stop": 1751092624492}, {"name": "Clicking on Register button and verifying welcome message", "status": "passed", "start": 1751092624493, "stop": 1751092627717}, {"name": "Verifying welcome message", "status": "failed", "statusDetails": {"message": "AssertionError: Welcome message verification failed: Message: \nStacktrace:\n\tGetHandleVerifier [0x0x10b3b03+62899]\n\tGetHandleVerifier [0x0x10b3b44+62964]\n\t(No symbol) [0x0xee10f3]\n\t(No symbol) [0x0xf2980e]\n\t(No symbol) [0x0xf29bab]\n\t(No symbol) [0x0xf725c2]\n\t(No symbol) [0x0xf4e554]\n\t(No symbol) [0x0xf6fd81]\n\t(No symbol) [0x0xf4e306]\n\t(No symbol) [0x0xf1d670]\n\t(No symbol) [0x0xf1e4e4]\n\tGetHandleVerifier [0x0x1314793+2556483]\n\tGetHandleVerifier [0x0x130fd02+2537394]\n\tGetHandleVerifier [0x0x10da2fa+220586]\n\tGetHandleVerifier [0x0x10caae8+157080]\n\tGetHandleVerifier [0x0x10d141d+184013]\n\tGetHandleVerifier [0x0x10bba68+95512]\n\tGetHandleVerifier [0x0x10bbc10+95936]\n\tGetHandleVerifier [0x0x10a6b5a+9738]\n\tBaseThreadInitThunk [0x0x75a17ba9+25]\n\tRtlInitializeExceptionChain [0x0x77d0c0cb+107]\n\tRtlClearBits [0x0x77d0c04f+191]\n\n", "trace": "  File \"C:\\vsCode\\parabank_credentials\\venv\\Lib\\site-packages\\allure_commons\\_allure.py\", line 202, in impl\n    return func(*a, **kw)\n  File \"C:\\vsCode\\parabank_credentials\\pages\\paraBank_page.py\", line 102, in verify_welcome_message_element\n    assert False, f\"Welcome message verification failed: {e}\"\n           ^^^^^\n"}, "attachments": [{"name": "Failure Screenshot", "source": "dc5b7c93-16fe-490c-88e7-d4fad57d6a55-attachment.png", "type": "image/png"}, {"name": "Exception", "source": "c04c364d-ea8b-447e-aeed-705f3edbecc8-attachment.txt", "type": "text/plain"}], "start": 1751092632717, "stop": 1751092653804}], "attachments": [{"name": "screenshot", "source": "9baf4a02-c70f-41f7-bd0b-3d515752480d-attachment.png", "type": "image/png"}, {"name": "stdout", "source": "d561ff22-2052-48cf-9dc0-16e3cfe25757-attachment.txt", "type": "text/plain"}], "start": 1751092613332, "stop": 1751092653821, "uuid": "5a12937e-ce71-468b-b709-8da90a6bdab9", "historyId": "526650baf056a089a556142ed879dfac", "testCaseId": "526650baf056a089a556142ed879dfac", "fullName": "testcases.paraBank_test.TestParaBank#test_register_user", "labels": [{"name": "parentSuite", "value": "testcases"}, {"name": "suite", "value": "paraBank_test"}, {"name": "subSuite", "value": "TestParaBank"}, {"name": "host", "value": "Hans"}, {"name": "thread", "value": "6864-MainThread"}, {"name": "framework", "value": "pytest"}, {"name": "language", "value": "cpython3"}, {"name": "package", "value": "testcases.paraBank_test"}]}